build/app/intermediates/manifest_merge_blame_file/release/manifest-merger-blame-release-report.txt
1<?xml version="1.0" encoding="utf-8"?>
2<manifest xmlns:android="http://schemas.android.com/apk/res/android"
3    package="com.yebreila.flutter_game_1"
4    android:versionCode="2"
5    android:versionName="1.0.0" >
6
7    <uses-sdk
8        android:minSdkVersion="16"
8-->src/main/AndroidManifest.xml
9        android:targetSdkVersion="30" />
9-->src/main/AndroidManifest.xml
10
11    <application
11-->src/main/AndroidManifest.xml:3:4-31:19
12        android:appComponentFactory="androidx.core.app.CoreComponentFactory"
12-->[androidx.core:core:1.1.0] AndroidManifest.xml:24:18-86
13        android:icon="@mipmap/ic_launcher"
13-->src/main/AndroidManifest.xml:5:9-43
14        android:label="flutter_game_1" >
14-->src/main/AndroidManifest.xml:4:9-39
15        <activity
15-->src/main/AndroidManifest.xml:6:9-25:20
16            android:name="com.example.flutter_game_1.MainActivity"
16-->src/main/AndroidManifest.xml:7:13-41
17            android:configChanges="orientation|keyboardHidden|keyboard|screenSize|smallestScreenSize|locale|layoutDirection|fontScale|screenLayout|density|uiMode"
17-->src/main/AndroidManifest.xml:10:13-163
18            android:hardwareAccelerated="true"
18-->src/main/AndroidManifest.xml:11:13-47
19            android:launchMode="singleTop"
19-->src/main/AndroidManifest.xml:8:13-43
20            android:theme="@style/LaunchTheme"
20-->src/main/AndroidManifest.xml:9:13-47
21            android:windowSoftInputMode="adjustResize" >
21-->src/main/AndroidManifest.xml:12:13-55
22
23            <!--
24                 Specifies an Android theme to apply to this Activity as soon as
25                 the Android process has started. This theme is visible to the user
26                 while the Flutter UI initializes. After that, this theme continues
27                 to determine the Window background behind the Flutter UI.
28            -->
29            <meta-data
29-->src/main/AndroidManifest.xml:17:13-20:17
30                android:name="io.flutter.embedding.android.NormalTheme"
30-->src/main/AndroidManifest.xml:18:15-70
31                android:resource="@style/NormalTheme" />
31-->src/main/AndroidManifest.xml:19:15-52
32
33            <intent-filter>
33-->src/main/AndroidManifest.xml:21:13-24:29
34                <action android:name="android.intent.action.MAIN" />
34-->src/main/AndroidManifest.xml:22:17-68
34-->src/main/AndroidManifest.xml:22:25-66
35
36                <category android:name="android.intent.category.LAUNCHER" />
36-->src/main/AndroidManifest.xml:23:17-76
36-->src/main/AndroidManifest.xml:23:27-74
37            </intent-filter>
38        </activity>
39        <!--
40             Don't delete the meta-data below.
41             This is used by the Flutter tool to generate GeneratedPluginRegistrant.java
42        -->
43        <meta-data
43-->src/main/AndroidManifest.xml:28:9-30:33
44            android:name="flutterEmbedding"
44-->src/main/AndroidManifest.xml:29:13-44
45            android:value="2" />
45-->src/main/AndroidManifest.xml:30:13-30
46    </application>
47
48</manifest>